**********************
PowerShell transcript start
Start time: 20250914142446
Username: PLAB\Administrator
RunAs User: PLAB\Administrator
Configuration Name: 
Machine: PLAB-WIN-FS01 (Microsoft Windows NT 10.0.20348.0)
Host Application: C:\Program Files\PowerShell\7\pwsh.dll -noexit -command try { . "c:\Users\Administrator.PLAB\AppData\Local\Programs\cursor\resources\app\out\vs\workbench\contrib\terminal\common\scripts\shellIntegration.ps1" } catch {}
Process ID: 3828
PSVersion: 7.5.3
PSEdition: Core
GitCommitId: 7.5.3
OS: Microsoft Windows 10.0.20348
Platform: Win32NT
PSCompatibleVersions: 1.0, 2.0, 3.0, 4.0, 5.0, 5.1, 6.0, 7.0
PSRemotingProtocolVersion: 2.3
SerializationVersion: 1.1.0.1
WSManStackVersion: 3.0
**********************
Transcript started, output file is C:\Users\Administrator.PLAB\Documents\cursor\pan-demo-data\panzura_demo_toolkit_vNext\logs\ad_reset_20250914_142446.log
**********************
PowerShell transcript end
End time: 20250914142450
**********************
