**********************
PowerShell transcript start
Start time: 20250914140151
Username: PLAB\Administrator
RunAs User: PLAB\Administrator
Configuration Name: 
Machine: PLAB-WIN-FS01 (Microsoft Windows NT 10.0.20348.0)
Host Application: C:\Program Files\PowerShell\7\pwsh.dll -noexit -command try { . "c:\Users\Administrator.PLAB\AppData\Local\Programs\cursor\resources\app\out\vs\workbench\contrib\terminal\common\scripts\shellIntegration.ps1" } catch {}
Process ID: 3828
PSVersion: 7.5.3
PSEdition: Core
GitCommitId: 7.5.3
OS: Microsoft Windows 10.0.20348
Platform: Win32NT
PSCompatibleVersions: 1.0, 2.0, 3.0, 4.0, 5.0, 5.1, 6.0, 7.0
PSRemotingProtocolVersion: 2.3
SerializationVersion: 1.1.0.1
WSManStackVersion: 3.0
**********************
Transcript started, output file is C:\Users\Administrator.PLAB\Documents\cursor\pan-demo-data\panzura_demo_toolkit_vNext\logs\create_folders_hybrid_20250914_140151.log
No -Departments specified. Discovering from Directory (GG_* pattern)...
Discovered 15 departments: Engineering, Facilities, Finance, HR, IT, Legal, Logistics, Marketing, Ops, Procurement, QA, R&D, Sales, Support, Training
Creating hybrid folder structure (simple + enhanced)...
Share 'Shared' already exists
Creating department: Engineering
Creating department: Facilities
Creating department: Finance
Creating department: HR
Creating department: IT
Creating department: Legal
Creating department: Logistics
Creating department: Marketing
Creating department: Ops
Creating department: Procurement
Creating department: QA
Creating department: R&D
Creating department: Sales
Creating department: Support
Creating department: Training
Hybrid folder structure created successfully!
Folder tree created & ACLed at S:\Shared
Share: \\PLAB-WIN-FS01\Shared
**********************
PowerShell transcript end
End time: 20250914140155
**********************
